# JRE version: Java(TM) SE Runtime Environment (8.0_25-b18) (build 1.8.0_25-b18)
# Java VM: Java HotSpot(TM) 64-Bit Server VM (25.25-b02 mixed mode windows-amd64 compressed oops)
Heap:
 PSYoungGen      total 126976K, used 121221K [0x00000000eab00000, 0x00000000f3400000, 0x0000000100000000)
  eden space 117248K, 99% used [0x00000000eab00000,0x00000000f1c5eb08,0x00000000f1d80000)
  from space 9728K, 52% used [0x00000000f2700000,0x00000000f2c02928,0x00000000f3080000)
  to   space 9728K, 0% used [0x00000000f1d80000,0x00000000f1d80000,0x00000000f2700000)
 ParOldGen       total 51200K, used 10879K [0x00000000c0000000, 0x00000000c3200000, 0x00000000eab00000)
  object space 51200K, 21% used [0x00000000c0000000,0x00000000c0a9fc70,0x00000000c3200000)
 Metaspace       used 23905K, capacity 24568K, committed 24832K, reserved 1071104K
  class space    used 3083K, capacity 3291K, committed 3328K, reserved 1048576K
GC Heap History (10 events):
Event: 3.745 GC heap before
{Heap before GC invocations=9 (full 1):
 PSYoungGen      total 50176K, used 41704K [0x00000000eab00000, 0x00000000ef280000, 0x0000000100000000)
  eden space 40448K, 100% used [0x00000000eab00000,0x00000000ed280000,0x00000000ed280000)
  from space 9728K, 12% used [0x00000000ed280000,0x00000000ed3ba0f0,0x00000000edc00000)
  to   space 9728K, 0% used [0x00000000ee900000,0x00000000ee900000,0x00000000ef280000)
 ParOldGen       total 51200K, used 9526K [0x00000000c0000000, 0x00000000c3200000, 0x00000000eab00000)
  object space 51200K, 18% used [0x00000000c0000000,0x00000000c094db20,0x00000000c3200000)
 Metaspace       used 22207K, capacity 22698K, committed 22912K, reserved 1069056K
  class space    used 2915K, capacity 3082K, committed 3200K, reserved 1048576K
Event: 3.774 GC heap after
Heap after GC invocations=9 (full 1):
 PSYoungGen      total 63488K, used 1432K [0x00000000eab00000, 0x00000000f0380000, 0x0000000100000000)
  eden space 53760K, 0% used [0x00000000eab00000,0x00000000eab00000,0x00000000edf80000)
  from space 9728K, 14% used [0x00000000ee900000,0x00000000eea66100,0x00000000ef280000)
  to   space 9728K, 0% used [0x00000000edf80000,0x00000000edf80000,0x00000000ee900000)
 ParOldGen       total 51200K, used 9526K [0x00000000c0000000, 0x00000000c3200000, 0x00000000eab00000)
  object space 51200K, 18% used [0x00000000c0000000,0x00000000c094db20,0x00000000c3200000)
 Metaspace       used 22207K, capacity 22698K, committed 22912K, reserved 1069056K
  class space    used 2915K, capacity 3082K, committed 3200K, reserved 1048576K
}
Event: 4.008 GC heap before
{Heap before GC invocations=10 (full 1):
 PSYoungGen      total 63488K, used 55192K [0x00000000eab00000, 0x00000000f0380000, 0x0000000100000000)
  eden space 53760K, 100% used [0x00000000eab00000,0x00000000edf80000,0x00000000edf80000)
  from space 9728K, 14% used [0x00000000ee900000,0x00000000eea66100,0x00000000ef280000)
  to   space 9728K, 0% used [0x00000000edf80000,0x00000000edf80000,0x00000000ee900000)
 ParOldGen       total 51200K, used 9526K [0x00000000c0000000, 0x00000000c3200000, 0x00000000eab00000)
  object space 51200K, 18% used [0x00000000c0000000,0x00000000c094db20,0x00000000c3200000)
 Metaspace       used 22226K, capacity 22698K, committed 22912K, reserved 1069056K
  class space    used 2916K, capacity 3082K, committed 3200K, reserved 1048576K
Event: 4.039 GC heap after
Heap after GC invocations=10 (full 1):
 PSYoungGen      total 63488K, used 1828K [0x00000000eab00000, 0x00000000f0c80000, 0x0000000100000000)
  eden space 53760K, 0% used [0x00000000eab00000,0x00000000eab00000,0x00000000edf80000)
  from space 9728K, 18% used [0x00000000edf80000,0x00000000ee149100,0x00000000ee900000)
  to   space 9728K, 0% used [0x00000000f0300000,0x00000000f0300000,0x00000000f0c80000)
 ParOldGen       total 51200K, used 9526K [0x00000000c0000000, 0x00000000c3200000, 0x00000000eab00000)
  object space 51200K, 18% used [0x00000000c0000000,0x00000000c094db20,0x00000000c3200000)
 Metaspace       used 22226K, capacity 22698K, committed 22912K, reserved 1069056K
  class space    used 2916K, capacity 3082K, committed 3200K, reserved 1048576K
}
Event: 4.265 GC heap before
{Heap before GC invocations=11 (full 1):
 PSYoungGen      total 63488K, used 55588K [0x00000000eab00000, 0x00000000f0c80000, 0x0000000100000000)
  eden space 53760K, 100% used [0x00000000eab00000,0x00000000edf80000,0x00000000edf80000)
  from space 9728K, 18% used [0x00000000edf80000,0x00000000ee149100,0x00000000ee900000)
  to   space 9728K, 0% used [0x00000000f0300000,0x00000000f0300000,0x00000000f0c80000)
 ParOldGen       total 51200K, used 9526K [0x00000000c0000000, 0x00000000c3200000, 0x00000000eab00000)
  object space 51200K, 18% used [0x00000000c0000000,0x00000000c094db20,0x00000000c3200000)
 Metaspace       used 22230K, capacity 22698K, committed 22912K, reserved 1069056K
  class space    used 2916K, capacity 3082K, committed 3200K, reserved 1048576K
Event: 4.268 GC heap after
Heap after GC invocations=11 (full 1):
 PSYoungGen      total 88064K, used 1860K [0x00000000eab00000, 0x00000000f0b80000, 0x0000000100000000)
  eden space 79360K, 0% used [0x00000000eab00000,0x00000000eab00000,0x00000000ef880000)
  from space 8704K, 21% used [0x00000000f0300000,0x00000000f04d1100,0x00000000f0b80000)
  to   space 9728K, 0% used [0x00000000ef880000,0x00000000ef880000,0x00000000f0200000)
 ParOldGen       total 51200K, used 9526K [0x00000000c0000000, 0x00000000c3200000, 0x00000000eab00000)
  object space 51200K, 18% used [0x00000000c0000000,0x00000000c094db20,0x00000000c3200000)
 Metaspace       used 22230K, capacity 22698K, committed 22912K, reserved 1069056K
  class space    used 2916K, capacity 3082K, committed 3200K, reserved 1048576K
}
Event: 4.567 GC heap before
{Heap before GC invocations=12 (full 1):
 PSYoungGen      total 88064K, used 81220K [0x00000000eab00000, 0x00000000f0b80000, 0x0000000100000000)
  eden space 79360K, 100% used [0x00000000eab00000,0x00000000ef880000,0x00000000ef880000)
  from space 8704K, 21% used [0x00000000f0300000,0x00000000f04d1100,0x00000000f0b80000)
  to   space 9728K, 0% used [0x00000000ef880000,0x00000000ef880000,0x00000000f0200000)
 ParOldGen       total 51200K, used 9526K [0x00000000c0000000, 0x00000000c3200000, 0x00000000eab00000)
  object space 51200K, 18% used [0x00000000c0000000,0x00000000c094db20,0x00000000c3200000)
 Metaspace       used 22246K, capacity 22698K, committed 22912K, reserved 1069056K
  class space    used 2917K, capacity 3082K, committed 3200K, reserved 1048576K
Event: 4.585 GC heap after
Heap after GC invocations=12 (full 1):
 PSYoungGen      total 89088K, used 1168K [0x00000000eab00000, 0x00000000f3080000, 0x0000000100000000)
  eden space 79360K, 0% used [0x00000000eab00000,0x00000000eab00000,0x00000000ef880000)
  from space 9728K, 12% used [0x00000000ef880000,0x00000000ef9a4010,0x00000000f0200000)
  to   space 9728K, 0% used [0x00000000f2700000,0x00000000f2700000,0x00000000f3080000)
 ParOldGen       total 51200K, used 10511K [0x00000000c0000000, 0x00000000c3200000, 0x00000000eab00000)
  object space 51200K, 20% used [0x00000000c0000000,0x00000000c0a43c70,0x00000000c3200000)
 Metaspace       used 22246K, capacity 22698K, committed 22912K, reserved 1069056K
  class space    used 2917K, capacity 3082K, committed 3200K, reserved 1048576K
}
Event: 5.259 GC heap before
{Heap before GC invocations=13 (full 1):
 PSYoungGen      total 89088K, used 80528K [0x00000000eab00000, 0x00000000f3080000, 0x0000000100000000)
  eden space 79360K, 100% used [0x00000000eab00000,0x00000000ef880000,0x00000000ef880000)
  from space 9728K, 12% used [0x00000000ef880000,0x00000000ef9a4010,0x00000000f0200000)
  to   space 9728K, 0% used [0x00000000f2700000,0x00000000f2700000,0x00000000f3080000)
 ParOldGen       total 51200K, used 10511K [0x00000000c0000000, 0x00000000c3200000, 0x00000000eab00000)
  object space 51200K, 20% used [0x00000000c0000000,0x00000000c0a43c70,0x00000000c3200000)
 Metaspace       used 23897K, capacity 24568K, committed 24832K, reserved 1071104K
  class space    used 3083K, capacity 3291K, committed 3328K, reserved 1048576K
Event: 5.441 GC heap after
Heap after GC invocations=13 (full 1):
 PSYoungGen      total 126976K, used 5130K [0x00000000eab00000, 0x00000000f3400000, 0x0000000100000000)
  eden space 117248K, 0% used [0x00000000eab00000,0x00000000eab00000,0x00000000f1d80000)
  from space 9728K, 52% used [0x00000000f2700000,0x00000000f2c02928,0x00000000f3080000)
  to   space 9728K, 0% used [0x00000000f1d80000,0x00000000f1d80000,0x00000000f2700000)
 ParOldGen       total 51200K, used 10879K [0x00000000c0000000, 0x00000000c3200000, 0x00000000eab00000)
  object space 51200K, 21% used [0x00000000c0000000,0x00000000c0a9fc70,0x00000000c3200000)
 Metaspace       used 23897K, capacity 24568K, committed 24832K, reserved 1071104K
  class space    used 3083K, capacity 3291K, committed 3328K, reserved 1048576K
}

